This file contains any messages produced by compilers while
running configure, to aid debugging if configure makes a mistake.

It was created by OpenJDK configure openjdk, which was
generated by GNU Autoconf 2.71.  Invocation command line was

  $ /Users/robin/jdk/configure --enable-option-checking=fatal --with-debug-level=slowdebug --enable-dtrace --with-jvm-variants=server --with-target-bits=64 --with-num-cores=8 --with-memory-size=8000 --disable-warnings-as-errors

## --------- ##
## Platform. ##
## --------- ##

hostname = Robins-MacBook-Pro.local
uname -m = arm64
uname -r = 23.6.0
uname -s = Darwin
uname -v = Darwin Kernel Version 23.6.0: Wed Jul 31 20:49:39 PDT 2024; root:xnu-10063.141.1.700.5~1/RELEASE_ARM64_T6000

/usr/bin/uname -p = arm
/bin/uname -X     = unknown

/bin/arch              = unknown
/usr/bin/arch -k       = unknown
/usr/convex/getsysinfo = unknown
/usr/bin/hostinfo      = Mach kernel version:
	 Darwin Kernel Version 23.6.0: Wed Jul 31 20:49:39 PDT 2024; root:xnu-10063.141.1.700.5~1/RELEASE_ARM64_T6000
Kernel configured for up to 8 processors.
8 processors are physically available.
8 processors are logically available.
Processor type: arm64e (ARM64E)
Processors active: 0 1 2 3 4 5 6 7
Primary memory available: 32.00 gigabytes
Default processor set: 976 tasks, 5563 threads, 8 processors
Load average: 37.32, Mach factor: 0.23
/bin/machine           = unknown
/usr/bin/oslevel       = unknown
/bin/universe          = unknown

PATH: /Users/robin/opt/anaconda3/bin/
PATH: /Users/robin/opt/anaconda3/condabin/
PATH: /usr/local/bin/
PATH: /usr/local/sbin/
PATH: /opt/homebrew/bin/
PATH: /opt/homebrew/sbin/
PATH: /System/Cryptexes/App/usr/bin/
PATH: /usr/bin/
PATH: /bin/
PATH: /usr/sbin/
PATH: /sbin/
PATH: /var/run/com.apple.security.cryptexd/codex.system/bootstrap/usr/local/bin/
PATH: /var/run/com.apple.security.cryptexd/codex.system/bootstrap/usr/bin/
PATH: /var/run/com.apple.security.cryptexd/codex.system/bootstrap/usr/appleinternal/bin/
PATH: /Library/Apple/usr/bin/
PATH: /Applications/VMware Fusion Tech Preview.app/Contents/Public/
PATH: /Users/robin/.cargo/bin/


## ----------- ##
## Core tests. ##
## ----------- ##

configure:4084: looking for aux files: config.guess config.sub
configure:4097:  trying /Users/robin/jdk/make/autoconf/build-aux/
configure:4126:   /Users/robin/jdk/make/autoconf/build-aux/config.guess found
configure:4126:   /Users/robin/jdk/make/autoconf/build-aux/config.sub found
configure:6962: Configuration created at Sat Oct 26 14:58:30 CST 2024.
configure:6971: checking for basename
configure:6994: found /usr/bin/basename
configure:7006: result: /usr/bin/basename
configure:7026: checking for dirname
configure:7049: found /usr/bin/dirname
configure:7061: result: /usr/bin/dirname
configure:7081: checking for file
configure:7104: found /usr/bin/file
configure:7116: result: /usr/bin/file
configure:7136: checking for ldd
configure:7174: result: no
configure:7201: checking for echo
configure:7209: result: echo [builtin]
configure:7839: checking for tr
configure:8067: result: /usr/bin/tr
configure:8477: checking for uname
configure:8705: result: /usr/bin/uname
configure:9115: checking for wc
configure:9343: result: /usr/bin/wc
configure:9745: checking for grep that handles long lines and -e
configure:9809: result: /usr/bin/grep
configure:10017: checking for egrep
configure:10085: result: /usr/bin/grep -E
configure:10297: checking for a sed that does not truncate output
configure:10367: result: /opt/homebrew/bin/gsed
configure:10592: checking for cygpath
configure:10827: result: [not found]
configure:10592: checking for wslpath
configure:10827: result: [not found]
configure:11223: checking for cmd.exe
configure:11458: result: [not found]
configure:11849: checking build system type
configure:11864: result: aarch64-apple-darwin23.6.0
configure:11884: checking host system type
configure:11898: result: aarch64-apple-darwin23.6.0
configure:11918: checking target system type
configure:11932: result: aarch64-apple-darwin23.6.0
configure:12243: checking openjdk-build os-cpu
configure:12245: result: macosx-aarch64
configure:12523: checking openjdk-target os-cpu
configure:12525: result: macosx-aarch64
configure:12575: --with-target-bits are set to build platform address size; argument has no meaning
configure:12583: checking compilation type
configure:12585: result: native
configure:13295: checking for top-level directory
configure:13297: result: /Users/robin/jdk
configure:13723: checking for bash
configure:13951: result: /bin/bash
configure:14096: checking for cat
configure:14324: result: /bin/cat
configure:14734: checking for chmod
configure:14962: result: /bin/chmod
configure:15372: checking for cp
configure:15600: result: /bin/cp
configure:16010: checking for cut
configure:16238: result: /usr/bin/cut
configure:16648: checking for date
configure:16876: result: /bin/date
configure:17286: checking for gdiff
configure:17521: result: [not found]
configure:17286: checking for diff
configure:17514: result: /usr/bin/diff
configure:17924: checking for expr
configure:18152: result: /bin/expr
configure:18562: checking for find
configure:18790: result: /usr/bin/find
configure:19200: checking for gunzip
configure:19428: result: /usr/bin/gunzip
configure:19838: checking for pigz
configure:20073: result: [not found]
configure:19838: checking for gzip
configure:20066: result: /usr/bin/gzip
configure:20476: checking for head
configure:20704: result: /usr/bin/head
configure:21114: checking for ln
configure:21342: result: /bin/ln
configure:21752: checking for ls
configure:21980: result: /bin/ls
configure:22391: checking for gmkdir
configure:22626: result: [not found]
configure:22391: checking for mkdir
configure:22619: result: /bin/mkdir
configure:23029: checking for mktemp
configure:23257: result: /usr/bin/mktemp
configure:23667: checking for mv
configure:23895: result: /bin/mv
configure:24305: checking for gawk
configure:24533: result: /opt/homebrew/bin/gawk
configure:24943: checking for printf
configure:24951: result: printf [builtin]
configure:25581: checking for rm
configure:25809: result: /bin/rm
configure:26219: checking for rmdir
configure:26447: result: /bin/rmdir
configure:26857: checking for sh
configure:27085: result: /bin/sh
configure:27495: checking for sort
configure:27723: result: /usr/bin/sort
configure:28133: checking for tail
configure:28361: result: /usr/bin/tail
configure:28771: checking for gtar
configure:29006: result: [not found]
configure:28771: checking for tar
configure:28999: result: /usr/bin/tar
configure:29409: checking for tee
configure:29637: result: /usr/bin/tee
configure:30047: checking for touch
configure:30275: result: /usr/bin/touch
configure:30685: checking for xargs
configure:30913: result: /usr/bin/xargs
configure:31315: checking for fgrep
configure:31383: result: /usr/bin/grep -F
configure:31606: checking for df
configure:31834: result: /bin/df
configure:32237: checking for git
configure:32465: result: /usr/bin/git
configure:32868: checking for nice
configure:33096: result: /usr/bin/nice
configure:33499: checking for greadlink
configure:33734: result: [not found]
configure:33499: checking for readlink
configure:33727: result: /usr/bin/readlink
configure:34130: checking for whoami
configure:34358: result: /usr/bin/whoami
configure:34763: checking for lsb_release
configure:34998: result: [not found]
configure:35396: checking for cmp
configure:35624: result: /usr/bin/cmp
configure:36027: checking for uniq
configure:36255: result: /usr/bin/uniq
configure:36937: checking for build environment type
configure:37017: result: dev, default (calculated from 'auto')
configure:37319: checking if custom source is suppressed (openjdk-only)
configure:37357: result: disabled, default
configure:37604: checking for --enable-debug
configure:37642: result: disabled, default
configure:37689: checking which debug level to use
configure:37703: result: slowdebug
configure:37762: checking which variants of the JVM to build
configure:37767: result: server
configure:37825: checking if absolute paths should be allowed in the build output
configure:37840: result: yes, debug build
configure:38125: checking for toolchain path
configure:38127: result: 
configure:38150: checking for sdk name
configure:38163: result: macosx
configure:39463: checking for xcodebuild
configure:39691: result: /usr/bin/xcodebuild
configure:40081: WARNING: Ignoring the located xcodebuild tool /usr/bin/xcodebuild due to an error: xcode-select: error: tool 'xcodebuild' requires Xcode, but active developer directory '/Library/Developer/CommandLineTools' is a command line tools instance
configure:40126: checking for xcrun
configure:40354: result: /usr/bin/xcrun
configure:40746: Setting sysroot from xcrun with SDK macosx
configure:40840: checking for sysroot
configure:40842: result: /Library/Developer/CommandLineTools/SDKs/MacOSX.sdk
configure:40846: checking for extra path
configure:40848: result: 
configure:40865: checking where to store configuration
configure:40874: result: in default location
configure:40934: checking what configuration name to use
configure:40936: result: macosx-aarch64-server-slowdebug
configure:41068: checking for zypper
configure:41303: result: [not found]
configure:41068: checking for apt-get
configure:41303: result: [not found]
configure:41068: checking for yum
configure:41303: result: [not found]
configure:41068: checking for brew
configure:41296: result: /usr/local/bin/brew
configure:41703: checking for pandoc
configure:41938: result: [not found]
configure:42377: checking for gmake
configure:42605: result: /opt/homebrew/bin/gmake
configure:43006: Testing potential make at /opt/homebrew/bin/gmake, found using gmake in PATH
configure:49817: Using GNU make at /opt/homebrew/bin/gmake (version: GNU Make 4.4.1)
configure:50114: checking if make --output-sync is supported
configure:50121: result: yes
configure:50127: checking for make --output-sync value
configure:50205: result: none, default
configure:50314: checking if find supports -delete
configure:50335: result: yes
configure:50354: checking what type of tar was found
configure:50356: result: bsd
configure:50381: checking that grep (/usr/bin/grep) -Fx handles empty lines in the pattern list correctly
configure:50392: result: yes
configure:50422: checking for unzip
configure:50650: result: /usr/bin/unzip
configure:51062: checking for zip
configure:51290: result: /usr/bin/zip
configure:51702: checking for greadelf
configure:51937: result: [not found]
configure:51702: checking for readelf
configure:51937: result: [not found]
configure:52333: checking for dot
configure:52568: result: [not found]
configure:52964: checking for stat
configure:53192: result: /usr/bin/stat
configure:53595: checking for time
configure:53603: result: time [builtin]
configure:54226: checking for flock
configure:54454: result: /opt/homebrew/bin/flock
configure:54859: checking for dtrace
configure:55087: result: /usr/sbin/dtrace
configure:55490: checking for gpatch
configure:55725: result: [not found]
configure:55490: checking for patch
configure:55718: result: /usr/bin/patch
configure:56115: checking if date is a GNU compatible version
configure:56123: result: no
configure:56147: checking for dsymutil
configure:56375: result: /usr/bin/dsymutil
configure:56785: checking for mig
configure:57013: result: /usr/bin/mig
configure:57423: checking for xattr
configure:57651: result: /usr/bin/xattr
configure:58060: checking for codesign
configure:58288: result: /usr/bin/codesign
configure:58692: checking for SetFile
configure:58920: result: /usr/bin/SetFile
configure:59332: checking for ulimit
configure:59340: result: ulimit [builtin]
configure:59959: checking bash version
configure:59961: result: 3.2.57
configure:59971: checking if bash supports pipefail
configure:59975: result: yes
configure:59982: checking if bash supports errexit (-e)
configure:59986: result: yes
configure:60051: checking for pkg-config
configure:60074: found /opt/homebrew/bin/pkg-config
configure:60086: result: /opt/homebrew/bin/pkg-config
configure:60111: checking pkg-config is at least version 0.9.0
configure:60114: result: yes
configure:60167: checking for default LOG value
configure:60176: result: 
configure:60469: checking for JMOD compression type
configure:60547: result: zip-1, default
configure:60847: checking if packaged modules are kept
configure:60879: result: enabled, default
configure:61233: checking for --with-build-user
configure:61311: result: robin, default
configure:61667: checking for --with-jdk-rc-name
configure:61745: result: OpenJDK Platform, default
configure:62110: checking for --with-vendor-name
configure:62188: result: N/A, default
configure:62547: checking for --with-vendor-url
configure:62625: result: https://openjdk.org/, default
configure:62990: checking for --with-vendor-bug-url
configure:63068: result: https://bugreport.java.com/bugreport/, default
configure:63433: checking for --with-vendor-vm-bug-url
configure:63511: result: https://bugreport.java.com/bugreport/crash.jsp, default
configure:63871: checking for --with-version-string
configure:63946: result: <none>, default
configure:64471: checking for --with-version-feature
configure:64549: result: 21, default
configure:65249: checking for --with-version-date
configure:65327: result: 2023-09-19, default
configure:65686: checking for --with-vendor-version-string
configure:65747: result: <disabled>, default
configure:66120: checking for --with-macosx-bundle-name-base
configure:66198: result: OpenJDK, default
configure:66561: checking for --with-macosx-bundle-id-base
configure:66639: result: net.java.openjdk-internal, default
configure:67007: checking for --with-macosx-bundle-build-version
configure:67085: result: 0, default
configure:67177: checking for version string
configure:67179: result: 21-internal-adhoc.robin.jdk
configure:68083: Found potential Boot JDK using /usr/libexec/java_home 
configure:68396: checking for Boot JDK
configure:68398: result: /Users/robin/Library/Java/JavaVirtualMachines/azul-21/Contents/Home
configure:68400: checking Boot JDK version
configure:68405: result: openjdk version "21" 2023-09-19 OpenJDK Runtime Environment Zulu21.28+85-CA (build 21+35) OpenJDK 64-Bit Server VM Zulu21.28+85-CA (build 21+35, mixed mode, sharing)
configure:76796: checking for java [Boot JDK]
configure:76806: result: $BOOT_JDK/bin/java
configure:77347: checking for javac [Boot JDK]
configure:77357: result: $BOOT_JDK/bin/javac
configure:77898: checking for javadoc [Boot JDK]
configure:77908: result: $BOOT_JDK/bin/javadoc
configure:78449: checking for jar [Boot JDK]
configure:78459: result: $BOOT_JDK/bin/jar
configure:78999: checking if Boot JDK jar supports --date=TIMESTAMP
configure:79001: result: true
configure:79019: checking if Boot JDK is 32 or 64 bits
configure:79021: result: 64
configure:79025: checking for local Boot JDK Class Data Sharing (CDS)
Check if jvm arg is ok: -XX:+UnlockDiagnosticVMOptions -XX:-VerifySharedSpaces -XX:SharedArchiveFile=/Users/robin/jdk/build/macosx-aarch64-server-slowdebug/configure-support/classes.jsa
Command: /Users/robin/Library/Java/JavaVirtualMachines/azul-21/Contents/Home/bin/java -XX:+UnlockDiagnosticVMOptions -XX:-VerifySharedSpaces -XX:SharedArchiveFile=/Users/robin/jdk/build/macosx-aarch64-server-slowdebug/configure-support/classes.jsa -version
configure:79049: result: yes, created
configure:79238: checking for Build JDK
configure:79240: result: yes, will use output dir
configure:79283: checking for docs-reference JDK
configure:79486: result: no, using interim javadoc for the docs-reference targets
configure:79517: checking what source date to use
configure:79531: result: 1729925913, from 'current' (default)
configure:79834: checking if we should build headless-only (no GUI)
configure:79872: result: disabled, default
configure:80128: checking if linker should clean out unused code (linktime-gc)
configure:80166: result: disabled, default
configure:80216: checking for graphviz dot
configure:80222: result: no, cannot generate full docs
configure:80227: checking for pandoc
configure:80233: result: no, cannot generate full docs
configure:80440: checking for --enable-full-docs
configure:80478: result: disabled, from default 'auto'
configure:80534: checking for cacerts file
configure:80537: result: default
configure:80560: checking for cacerts source
configure:80563: result: default
configure:80767: checking for --enable-unlimited-crypto
configure:80799: result: enabled, default
configure:80902: checking for jni library path
configure:80905: result: default
configure:81270: checking if static build is available
configure:81273: result: yes
configure:81283: checking if static build is enabled
configure:81321: result: disabled, default
configure:82175: Using default toolchain clang (clang/LLVM)
configure:84620: checking for clang
configure:84848: result: /usr/bin/clang
configure:85918: checking resolved symbolic links for CC
configure:85966: result: no symlink
configure:86078: Using clang C compiler version 16.0.0 [Apple clang version 16.0.0 (clang-1600.0.26.3) Target: arm64-apple-darwin23.6.0 Thread model: posix InstalledDir: /Library/Developer/CommandLineTools/usr/bin]
configure:86205: checking for C compiler version
configure:86214: /usr/bin/clang --version >&5
Apple clang version 16.0.0 (clang-1600.0.26.3)
Target: arm64-apple-darwin23.6.0
Thread model: posix
InstalledDir: /Library/Developer/CommandLineTools/usr/bin
configure:86225: $? = 0
configure:86214: /usr/bin/clang -v >&5
Apple clang version 16.0.0 (clang-1600.0.26.3)
Target: arm64-apple-darwin23.6.0
Thread model: posix
InstalledDir: /Library/Developer/CommandLineTools/usr/bin
configure:86225: $? = 0
configure:86214: /usr/bin/clang -V >&5
clang: error: argument to '-V' is missing (expected 1 value)
clang: error: no input files
configure:86225: $? = 1
configure:86214: /usr/bin/clang -qversion >&5
clang: error: unknown argument '-qversion'; did you mean '--version'?
clang: error: no input files
configure:86225: $? = 1
configure:86214: /usr/bin/clang -version >&5
clang: error: unknown argument '-version'; did you mean '--version'?
clang: error: no input files
configure:86225: $? = 1
configure:86245: checking whether the C compiler works
configure:86267: /usr/bin/clang  -arch arm64 -isysroot /Library/Developer/CommandLineTools/SDKs/MacOSX.sdk -iframework /Library/Developer/CommandLineTools/SDKs/MacOSX.sdk/System/Library/Frameworks  -isysroot /Library/Developer/CommandLineTools/SDKs/MacOSX.sdk -iframework /Library/Developer/CommandLineTools/SDKs/MacOSX.sdk/System/Library/Frameworks  -arch arm64 -isysroot /Library/Developer/CommandLineTools/SDKs/MacOSX.sdk -iframework /Library/Developer/CommandLineTools/SDKs/MacOSX.sdk/System/Library/Frameworks  conftest.c  >&5
configure:86271: $? = 0
configure:86321: result: yes
configure:86324: checking for C compiler default output file name
configure:86326: result: a.out
configure:86332: checking for suffix of executables
configure:86339: /usr/bin/clang -o conftest  -arch arm64 -isysroot /Library/Developer/CommandLineTools/SDKs/MacOSX.sdk -iframework /Library/Developer/CommandLineTools/SDKs/MacOSX.sdk/System/Library/Frameworks  -isysroot /Library/Developer/CommandLineTools/SDKs/MacOSX.sdk -iframework /Library/Developer/CommandLineTools/SDKs/MacOSX.sdk/System/Library/Frameworks  -arch arm64 -isysroot /Library/Developer/CommandLineTools/SDKs/MacOSX.sdk -iframework /Library/Developer/CommandLineTools/SDKs/MacOSX.sdk/System/Library/Frameworks  conftest.c  >&5
configure:86343: $? = 0
configure:86366: result: 
configure:86388: checking whether we are cross compiling
configure:86396: /usr/bin/clang -o conftest  -arch arm64 -isysroot /Library/Developer/CommandLineTools/SDKs/MacOSX.sdk -iframework /Library/Developer/CommandLineTools/SDKs/MacOSX.sdk/System/Library/Frameworks  -isysroot /Library/Developer/CommandLineTools/SDKs/MacOSX.sdk -iframework /Library/Developer/CommandLineTools/SDKs/MacOSX.sdk/System/Library/Frameworks  -arch arm64 -isysroot /Library/Developer/CommandLineTools/SDKs/MacOSX.sdk -iframework /Library/Developer/CommandLineTools/SDKs/MacOSX.sdk/System/Library/Frameworks  conftest.c  >&5
configure:86400: $? = 0
configure:86407: ./conftest
configure:86411: $? = 0
configure:86426: result: no
configure:86431: checking for suffix of object files
configure:86454: /usr/bin/clang -c  -arch arm64 -isysroot /Library/Developer/CommandLineTools/SDKs/MacOSX.sdk -iframework /Library/Developer/CommandLineTools/SDKs/MacOSX.sdk/System/Library/Frameworks  -isysroot /Library/Developer/CommandLineTools/SDKs/MacOSX.sdk -iframework /Library/Developer/CommandLineTools/SDKs/MacOSX.sdk/System/Library/Frameworks conftest.c >&5
configure:86458: $? = 0
configure:86480: result: o
configure:86484: checking whether the compiler supports GNU C
configure:86504: /usr/bin/clang -c  -arch arm64 -isysroot /Library/Developer/CommandLineTools/SDKs/MacOSX.sdk -iframework /Library/Developer/CommandLineTools/SDKs/MacOSX.sdk/System/Library/Frameworks  -isysroot /Library/Developer/CommandLineTools/SDKs/MacOSX.sdk -iframework /Library/Developer/CommandLineTools/SDKs/MacOSX.sdk/System/Library/Frameworks conftest.c >&5
configure:86504: $? = 0
configure:86514: result: yes
configure:86525: checking whether /usr/bin/clang accepts -g
configure:86546: /usr/bin/clang -c -g -isysroot /Library/Developer/CommandLineTools/SDKs/MacOSX.sdk -iframework /Library/Developer/CommandLineTools/SDKs/MacOSX.sdk/System/Library/Frameworks conftest.c >&5
configure:86546: $? = 0
configure:86590: result: yes
configure:86610: checking for /usr/bin/clang option to enable C11 features
configure:86625: /usr/bin/clang  -c  -arch arm64 -isysroot /Library/Developer/CommandLineTools/SDKs/MacOSX.sdk -iframework /Library/Developer/CommandLineTools/SDKs/MacOSX.sdk/System/Library/Frameworks  -isysroot /Library/Developer/CommandLineTools/SDKs/MacOSX.sdk -iframework /Library/Developer/CommandLineTools/SDKs/MacOSX.sdk/System/Library/Frameworks conftest.c >&5
conftest.c:23:14: warning: a function definition without a prototype is deprecated in all versions of C and is not supported in C2x [-Wdeprecated-non-prototype]
   23 | static char *e (p, i)
      |              ^
1 warning generated.
configure:86625: $? = 0
configure:86643: result: none needed
configure:87435: checking for clang++
configure:87663: result: /usr/bin/clang++
configure:88733: checking resolved symbolic links for CXX
configure:88781: result: no symlink
configure:88893: Using clang C++ compiler version 16.0.0 [Apple clang version 16.0.0 (clang-1600.0.26.3) Target: arm64-apple-darwin23.6.0 Thread model: posix InstalledDir: /Library/Developer/CommandLineTools/usr/bin]
configure:89020: checking for C++ compiler version
configure:89029: /usr/bin/clang++ --version >&5
Apple clang version 16.0.0 (clang-1600.0.26.3)
Target: arm64-apple-darwin23.6.0
Thread model: posix
InstalledDir: /Library/Developer/CommandLineTools/usr/bin
configure:89040: $? = 0
configure:89029: /usr/bin/clang++ -v >&5
Apple clang version 16.0.0 (clang-1600.0.26.3)
Target: arm64-apple-darwin23.6.0
Thread model: posix
InstalledDir: /Library/Developer/CommandLineTools/usr/bin
configure:89040: $? = 0
configure:89029: /usr/bin/clang++ -V >&5
clang++: error: argument to '-V' is missing (expected 1 value)
clang++: error: no input files
configure:89040: $? = 1
configure:89029: /usr/bin/clang++ -qversion >&5
clang++: error: unknown argument '-qversion'; did you mean '--version'?
clang++: error: no input files
configure:89040: $? = 1
configure:89044: checking whether the compiler supports GNU C++
configure:89064: /usr/bin/clang++ -c  -arch arm64 -isysroot /Library/Developer/CommandLineTools/SDKs/MacOSX.sdk -iframework /Library/Developer/CommandLineTools/SDKs/MacOSX.sdk/System/Library/Frameworks  -isysroot /Library/Developer/CommandLineTools/SDKs/MacOSX.sdk -iframework /Library/Developer/CommandLineTools/SDKs/MacOSX.sdk/System/Library/Frameworks conftest.cpp >&5
configure:89064: $? = 0
configure:89074: result: yes
configure:89085: checking whether /usr/bin/clang++ accepts -g
configure:89106: /usr/bin/clang++ -c -g -isysroot /Library/Developer/CommandLineTools/SDKs/MacOSX.sdk -iframework /Library/Developer/CommandLineTools/SDKs/MacOSX.sdk/System/Library/Frameworks conftest.cpp >&5
configure:89106: $? = 0
configure:89150: result: yes
configure:89170: checking for /usr/bin/clang++ option to enable C++11 features
configure:89185: /usr/bin/clang++  -c  -arch arm64 -isysroot /Library/Developer/CommandLineTools/SDKs/MacOSX.sdk -iframework /Library/Developer/CommandLineTools/SDKs/MacOSX.sdk/System/Library/Frameworks  -isysroot /Library/Developer/CommandLineTools/SDKs/MacOSX.sdk -iframework /Library/Developer/CommandLineTools/SDKs/MacOSX.sdk/System/Library/Frameworks conftest.cpp >&5
conftest.cpp:55:3: error: "Compiler does not advertise C++11 conformance"
   55 | # error "Compiler does not advertise C++11 conformance"
      |   ^
conftest.cpp:60:3: error: unknown type name 'constexpr'
   60 |   constexpr int get_val() { return 20; }
      |   ^
conftest.cpp:72:17: error: delegating constructors are permitted only in C++11
   72 |     delegate(): delegate(2354) {}
      |                 ^~~~~~~~
conftest.cpp:83:26: warning: 'override' keyword is a C++11 extension [-Wc++11-extensions]
   83 |     virtual int getval() override final { return this->n * 2; }
      |                          ^
conftest.cpp:83:35: warning: 'final' keyword is a C++11 extension [-Wc++11-extensions]
   83 |     virtual int getval() override final { return this->n * 2; }
      |                                   ^
conftest.cpp:90:16: warning: defaulted function definitions are a C++11 extension [-Wc++11-extensions]
   90 |     nocopy() = default;
      |                ^
conftest.cpp:91:29: warning: deleted function definitions are a C++11 extension [-Wc++11-extensions]
   91 |     nocopy(const nocopy&) = delete;
      |                             ^
conftest.cpp:92:41: warning: deleted function definitions are a C++11 extension [-Wc++11-extensions]
   92 |     nocopy & operator=(const nocopy&) = delete;
      |                                         ^
conftest.cpp:104:25: warning: 'auto' type specifier is a C++11 extension [-Wc++11-extensions]
  104 |   template <typename V> auto sum(V first) -> V
      |                         ^
conftest.cpp:104:25: error: 'auto' not allowed in function return type
  104 |   template <typename V> auto sum(V first) -> V
      |                         ^~~~
conftest.cpp:104:42: error: expected ';' at end of declaration
  104 |   template <typename V> auto sum(V first) -> V
      |                                          ^
      |                                          ;
conftest.cpp:104:43: error: cannot use arrow operator on a type
  104 |   template <typename V> auto sum(V first) -> V
      |                                           ^
conftest.cpp:108:33: warning: variadic templates are a C++11 extension [-Wc++11-extensions]
  108 |   template <typename V, typename... Args> auto sum(V first, Args... rest) -> V
      |                                 ^
conftest.cpp:108:43: warning: 'auto' type specifier is a C++11 extension [-Wc++11-extensions]
  108 |   template <typename V, typename... Args> auto sum(V first, Args... rest) -> V
      |                                           ^
conftest.cpp:108:43: error: 'auto' not allowed in function return type
  108 |   template <typename V, typename... Args> auto sum(V first, Args... rest) -> V
      |                                           ^~~~
conftest.cpp:108:74: error: expected ';' at end of declaration
  108 |   template <typename V, typename... Args> auto sum(V first, Args... rest) -> V
      |                                                                          ^
      |                                                                          ;
conftest.cpp:108:75: error: cannot use arrow operator on a type
  108 |   template <typename V, typename... Args> auto sum(V first, Args... rest) -> V
      |                                                                           ^
conftest.cpp:132:3: warning: 'auto' type specifier is a C++11 extension [-Wc++11-extensions]
  132 |   auto a1 = 6538;
      |   ^
conftest.cpp:133:3: warning: 'auto' type specifier is a C++11 extension [-Wc++11-extensions]
  133 |   auto a2 = 48573953.4;
      |   ^
conftest.cpp:134:3: warning: 'auto' type specifier is a C++11 extension [-Wc++11-extensions]
  134 |   auto a3 = "String literal";
      |   ^
conftest.cpp:137:8: warning: 'auto' type specifier is a C++11 extension [-Wc++11-extensions]
  137 |   for (auto i = a3; *i; ++i) { total += *i; }
      |        ^
conftest.cpp:153:8: warning: 'auto' type specifier is a C++11 extension [-Wc++11-extensions]
  153 |   for (auto &x : array) { x += 23; }
      |        ^
conftest.cpp:153:16: warning: range-based for loop is a C++11 extension [-Wc++11-extensions]
  153 |   for (auto &x : array) { x += 23; }
      |                ^
conftest.cpp:158:17: error: expected expression
  158 |   assert (eval ([](int x) { return x*2; }, 21) == 42);
      |                 ^
conftest.cpp:160:17: error: expected expression
  160 |   assert (eval ([&](double x) { return d += x; }, 3.0) == 5.0);
      |                 ^
conftest.cpp:162:17: error: expected expression
  162 |   assert (eval ([=](double x) mutable { return d += x; }, 4.0) == 9.0);
      |                 ^
conftest.cpp:168:3: warning: 'auto' type specifier is a C++11 extension [-Wc++11-extensions]
  168 |   auto a = sum(1);
      |   ^
conftest.cpp:168:12: error: no matching function for call to 'sum'
  168 |   auto a = sum(1);
      |            ^~~
conftest.cpp:169:3: warning: 'auto' type specifier is a C++11 extension [-Wc++11-extensions]
  169 |   auto b = sum(1, 2);
      |   ^
conftest.cpp:169:12: error: no matching function for call to 'sum'
  169 |   auto b = sum(1, 2);
      |            ^~~
conftest.cpp:170:3: warning: 'auto' type specifier is a C++11 extension [-Wc++11-extensions]
  170 |   auto c = sum(1.0, 2.0, 3.0);
      |   ^
conftest.cpp:170:12: error: no matching function for call to 'sum'
  170 |   auto c = sum(1.0, 2.0, 3.0);
      |            ^~~
conftest.cpp:175:25: warning: empty parentheses interpreted as a function declaration [-Wvexing-parse]
  175 |   cxx11test::delegate d2();
      |                         ^~
conftest.cpp:175:25: note: remove parentheses to declare a variable
  175 |   cxx11test::delegate d2();
      |                         ^~
conftest.cpp:188:16: error: found '<::' after a template name which forms the digraph '<:' (aka '[') and a ':', did you mean '< ::'?
  188 |   test_template<::test_template<int>> v(test_template<int>(12));
      |                ^~~
      |                < ::
conftest.cpp:188:36: error: a space is required between consecutive right angle brackets (use '> >')
  188 |   test_template<::test_template<int>> v(test_template<int>(12));
      |                                    ^~
      |                                    > >
conftest.cpp:192:22: error: use of undeclared identifier 'u8'
  192 |   char const *utf8 = u8"UTF-8 string \u2500";
      |                      ^
conftest.cpp:192:24: error: expected ';' at end of declaration
  192 |   char const *utf8 = u8"UTF-8 string \u2500";
      |                        ^
      |                        ;
fatal error: too many errors emitted, stopping now [-ferror-limit=]
18 warnings and 20 errors generated.
configure:89185: $? = 1
configure: failed program was:
| /* confdefs.h */
| #define PACKAGE_NAME "OpenJDK"
| #define PACKAGE_TARNAME "openjdk"
| #define PACKAGE_VERSION "openjdk"
| #define PACKAGE_STRING "OpenJDK openjdk"
| #define PACKAGE_BUGREPORT "build-dev@openjdk.org"
| #define PACKAGE_URL "https://openjdk.org"
| /* end confdefs.h.  */
| 
| // Does the compiler advertise C++98 conformance?
| #if !defined __cplusplus || __cplusplus < 199711L
| # error "Compiler does not advertise C++98 conformance"
| #endif
| 
| // These inclusions are to reject old compilers that
| // lack the unsuffixed header files.
| #include <cstdlib>
| #include <exception>
| 
| // <cassert> and <cstring> are *not* freestanding headers in C++98.
| extern void assert (int);
| namespace std {
|   extern int strcmp (const char *, const char *);
| }
| 
| // Namespaces, exceptions, and templates were all added after "C++ 2.0".
| using std::exception;
| using std::strcmp;
| 
| namespace {
| 
| void test_exception_syntax()
| {
|   try {
|     throw "test";
|   } catch (const char *s) {
|     // Extra parentheses suppress a warning when building autoconf itself,
|     // due to lint rules shared with more typical C programs.
|     assert (!(strcmp) (s, "test"));
|   }
| }
| 
| template <typename T> struct test_template
| {
|   T const val;
|   explicit test_template(T t) : val(t) {}
|   template <typename U> T add(U u) { return static_cast<T>(u) + val; }
| };
| 
| } // anonymous namespace
| 
| 
| // Does the compiler advertise C++ 2011 conformance?
| #if !defined __cplusplus || __cplusplus < 201103L
| # error "Compiler does not advertise C++11 conformance"
| #endif
| 
| namespace cxx11test
| {
|   constexpr int get_val() { return 20; }
| 
|   struct testinit
|   {
|     int i;
|     double d;
|   };
| 
|   class delegate
|   {
|   public:
|     delegate(int n) : n(n) {}
|     delegate(): delegate(2354) {}
| 
|     virtual int getval() { return this->n; };
|   protected:
|     int n;
|   };
| 
|   class overridden : public delegate
|   {
|   public:
|     overridden(int n): delegate(n) {}
|     virtual int getval() override final { return this->n * 2; }
|   };
| 
|   class nocopy
|   {
|   public:
|     nocopy(int i): i(i) {}
|     nocopy() = default;
|     nocopy(const nocopy&) = delete;
|     nocopy & operator=(const nocopy&) = delete;
|   private:
|     int i;
|   };
| 
|   // for testing lambda expressions
|   template <typename Ret, typename Fn> Ret eval(Fn f, Ret v)
|   {
|     return f(v);
|   }
| 
|   // for testing variadic templates and trailing return types
|   template <typename V> auto sum(V first) -> V
|   {
|     return first;
|   }
|   template <typename V, typename... Args> auto sum(V first, Args... rest) -> V
|   {
|     return first + sum(rest...);
|   }
| }
| 
| 
| int
| main (int argc, char **argv)
| {
|   int ok = 0;
|   
|   assert (argc);
|   assert (! argv[0]);
| {
|   test_exception_syntax ();
|   test_template<double> tt (2.0);
|   assert (tt.add (4) == 6.0);
|   assert (true && !false);
| }
| 
|   
| {
|   // Test auto and decltype
|   auto a1 = 6538;
|   auto a2 = 48573953.4;
|   auto a3 = "String literal";
| 
|   int total = 0;
|   for (auto i = a3; *i; ++i) { total += *i; }
| 
|   decltype(a2) a4 = 34895.034;
| }
| {
|   // Test constexpr
|   short sa[cxx11test::get_val()] = { 0 };
| }
| {
|   // Test initializer lists
|   cxx11test::testinit il = { 4323, 435234.23544 };
| }
| {
|   // Test range-based for
|   int array[] = {9, 7, 13, 15, 4, 18, 12, 10, 5, 3,
|                  14, 19, 17, 8, 6, 20, 16, 2, 11, 1};
|   for (auto &x : array) { x += 23; }
| }
| {
|   // Test lambda expressions
|   using cxx11test::eval;
|   assert (eval ([](int x) { return x*2; }, 21) == 42);
|   double d = 2.0;
|   assert (eval ([&](double x) { return d += x; }, 3.0) == 5.0);
|   assert (d == 5.0);
|   assert (eval ([=](double x) mutable { return d += x; }, 4.0) == 9.0);
|   assert (d == 5.0);
| }
| {
|   // Test use of variadic templates
|   using cxx11test::sum;
|   auto a = sum(1);
|   auto b = sum(1, 2);
|   auto c = sum(1.0, 2.0, 3.0);
| }
| {
|   // Test constructor delegation
|   cxx11test::delegate d1;
|   cxx11test::delegate d2();
|   cxx11test::delegate d3(45);
| }
| {
|   // Test override and final
|   cxx11test::overridden o1(55464);
| }
| {
|   // Test nullptr
|   char *c = nullptr;
| }
| {
|   // Test template brackets
|   test_template<::test_template<int>> v(test_template<int>(12));
| }
| {
|   // Unicode literals
|   char const *utf8 = u8"UTF-8 string \u2500";
|   char16_t const *utf16 = u"UTF-8 string \u2500";
|   char32_t const *utf32 = U"UTF-32 string \u2500";
| }
| 
|   return ok;
| }
| 
configure:89203: result: none needed
configure:89401: checking how to run the C preprocessor
configure:89427: /usr/bin/clang -E -isysroot /Library/Developer/CommandLineTools/SDKs/MacOSX.sdk -iframework /Library/Developer/CommandLineTools/SDKs/MacOSX.sdk/System/Library/Frameworks conftest.c
configure:89427: $? = 0
configure:89442: /usr/bin/clang -E -isysroot /Library/Developer/CommandLineTools/SDKs/MacOSX.sdk -iframework /Library/Developer/CommandLineTools/SDKs/MacOSX.sdk/System/Library/Frameworks conftest.c
conftest.c:9:10: fatal error: 'ac_nonexistent.h' file not found
    9 | #include <ac_nonexistent.h>
      |          ^~~~~~~~~~~~~~~~~~
1 error generated.
configure:89442: $? = 1
configure: failed program was:
| /* confdefs.h */
| #define PACKAGE_NAME "OpenJDK"
| #define PACKAGE_TARNAME "openjdk"
| #define PACKAGE_VERSION "openjdk"
| #define PACKAGE_STRING "OpenJDK openjdk"
| #define PACKAGE_BUGREPORT "build-dev@openjdk.org"
| #define PACKAGE_URL "https://openjdk.org"
| /* end confdefs.h.  */
| #include <ac_nonexistent.h>
configure:89469: result: /usr/bin/clang -E
configure:89483: /usr/bin/clang -E -isysroot /Library/Developer/CommandLineTools/SDKs/MacOSX.sdk -iframework /Library/Developer/CommandLineTools/SDKs/MacOSX.sdk/System/Library/Frameworks conftest.c
configure:89483: $? = 0
configure:89498: /usr/bin/clang -E -isysroot /Library/Developer/CommandLineTools/SDKs/MacOSX.sdk -iframework /Library/Developer/CommandLineTools/SDKs/MacOSX.sdk/System/Library/Frameworks conftest.c
conftest.c:9:10: fatal error: 'ac_nonexistent.h' file not found
    9 | #include <ac_nonexistent.h>
      |          ^~~~~~~~~~~~~~~~~~
1 error generated.
configure:89498: $? = 1
configure: failed program was:
| /* confdefs.h */
| #define PACKAGE_NAME "OpenJDK"
| #define PACKAGE_TARNAME "openjdk"
| #define PACKAGE_VERSION "openjdk"
| #define PACKAGE_STRING "OpenJDK openjdk"
| #define PACKAGE_BUGREPORT "build-dev@openjdk.org"
| #define PACKAGE_URL "https://openjdk.org"
| /* end confdefs.h.  */
| #include <ac_nonexistent.h>
configure:89725: checking how to run the C++ preprocessor
configure:89747: /usr/bin/clang++ -E -isysroot /Library/Developer/CommandLineTools/SDKs/MacOSX.sdk -iframework /Library/Developer/CommandLineTools/SDKs/MacOSX.sdk/System/Library/Frameworks conftest.cpp
configure:89747: $? = 0
configure:89762: /usr/bin/clang++ -E -isysroot /Library/Developer/CommandLineTools/SDKs/MacOSX.sdk -iframework /Library/Developer/CommandLineTools/SDKs/MacOSX.sdk/System/Library/Frameworks conftest.cpp
conftest.cpp:9:10: fatal error: 'ac_nonexistent.h' file not found
    9 | #include <ac_nonexistent.h>
      |          ^~~~~~~~~~~~~~~~~~
1 error generated.
configure:89762: $? = 1
configure: failed program was:
| /* confdefs.h */
| #define PACKAGE_NAME "OpenJDK"
| #define PACKAGE_TARNAME "openjdk"
| #define PACKAGE_VERSION "openjdk"
| #define PACKAGE_STRING "OpenJDK openjdk"
| #define PACKAGE_BUGREPORT "build-dev@openjdk.org"
| #define PACKAGE_URL "https://openjdk.org"
| /* end confdefs.h.  */
| #include <ac_nonexistent.h>
configure:89789: result: /usr/bin/clang++ -E
configure:89803: /usr/bin/clang++ -E -isysroot /Library/Developer/CommandLineTools/SDKs/MacOSX.sdk -iframework /Library/Developer/CommandLineTools/SDKs/MacOSX.sdk/System/Library/Frameworks conftest.cpp
configure:89803: $? = 0
configure:89818: /usr/bin/clang++ -E -isysroot /Library/Developer/CommandLineTools/SDKs/MacOSX.sdk -iframework /Library/Developer/CommandLineTools/SDKs/MacOSX.sdk/System/Library/Frameworks conftest.cpp
conftest.cpp:9:10: fatal error: 'ac_nonexistent.h' file not found
    9 | #include <ac_nonexistent.h>
      |          ^~~~~~~~~~~~~~~~~~
1 error generated.
configure:89818: $? = 1
configure: failed program was:
| /* confdefs.h */
| #define PACKAGE_NAME "OpenJDK"
| #define PACKAGE_TARNAME "openjdk"
| #define PACKAGE_VERSION "openjdk"
| #define PACKAGE_STRING "OpenJDK openjdk"
| #define PACKAGE_BUGREPORT "build-dev@openjdk.org"
| #define PACKAGE_URL "https://openjdk.org"
| /* end confdefs.h.  */
| #include <ac_nonexistent.h>
configure:91395: Using clang linker version 1115.7.3 [@(#)PROGRAM:ld PROJECT:ld-1115.7.3]
configure:96623: checking for ar
configure:96851: result: /usr/bin/ar
configure:97893: checking for lipo
configure:98121: result: /usr/bin/lipo
configure:98525: checking for otool
configure:98753: result: /usr/bin/otool
configure:99163: checking for install_name_tool
configure:99391: result: /usr/bin/install_name_tool
configure:99803: checking for metal
configure:100038: result: [not found]
configure:101054: checking if metal can be run using xcrun
configure:101059: result: no
configure:101061: error: XCode tool 'metal' neither found in path nor with xcrun

## ---------------- ##
## Cache variables. ##
## ---------------- ##

ac_cv_build=aarch64-apple-darwin23.6.0
ac_cv_c_compiler_gnu=yes
ac_cv_cxx_compiler_gnu=yes
ac_cv_env_ALSA_CFLAGS_set=
ac_cv_env_ALSA_CFLAGS_value=
ac_cv_env_ALSA_LIBS_set=
ac_cv_env_ALSA_LIBS_value=
ac_cv_env_AR_set=
ac_cv_env_AR_value=
ac_cv_env_AS_set=
ac_cv_env_AS_value=
ac_cv_env_AWK_set=
ac_cv_env_AWK_value=
ac_cv_env_BASH_set=set
ac_cv_env_BASH_value=/bin/bash
ac_cv_env_BUILD_AR_set=
ac_cv_env_BUILD_AR_value=
ac_cv_env_BUILD_AS_set=
ac_cv_env_BUILD_AS_value=
ac_cv_env_BUILD_CC_set=
ac_cv_env_BUILD_CC_value=
ac_cv_env_BUILD_CXX_set=
ac_cv_env_BUILD_CXX_value=
ac_cv_env_BUILD_LD_set=
ac_cv_env_BUILD_LD_value=
ac_cv_env_BUILD_NM_set=
ac_cv_env_BUILD_NM_value=
ac_cv_env_BUILD_OBJCOPY_set=
ac_cv_env_BUILD_OBJCOPY_value=
ac_cv_env_BUILD_STRIP_set=
ac_cv_env_BUILD_STRIP_value=
ac_cv_env_CAPSTONE_CFLAGS_set=
ac_cv_env_CAPSTONE_CFLAGS_value=
ac_cv_env_CAPSTONE_LIBS_set=
ac_cv_env_CAPSTONE_LIBS_value=
ac_cv_env_CAT_set=
ac_cv_env_CAT_value=
ac_cv_env_CCACHE_set=
ac_cv_env_CCACHE_value=
ac_cv_env_CCC_set=
ac_cv_env_CCC_value=
ac_cv_env_CC_set=
ac_cv_env_CC_value=
ac_cv_env_CFLAGS_set=
ac_cv_env_CFLAGS_value=
ac_cv_env_CHECK_GMAKE_set=
ac_cv_env_CHECK_GMAKE_value=
ac_cv_env_CHECK_MAKE_set=
ac_cv_env_CHECK_MAKE_value=
ac_cv_env_CHECK_TOOLSDIR_GMAKE_set=
ac_cv_env_CHECK_TOOLSDIR_GMAKE_value=
ac_cv_env_CHECK_TOOLSDIR_MAKE_set=
ac_cv_env_CHECK_TOOLSDIR_MAKE_value=
ac_cv_env_CHMOD_set=
ac_cv_env_CHMOD_value=
ac_cv_env_CMD_set=
ac_cv_env_CMD_value=
ac_cv_env_CMP_set=
ac_cv_env_CMP_value=
ac_cv_env_CODESIGN_set=
ac_cv_env_CODESIGN_value=
ac_cv_env_CPPFLAGS_set=
ac_cv_env_CPPFLAGS_value=
ac_cv_env_CPP_set=
ac_cv_env_CPP_value=
ac_cv_env_CP_set=
ac_cv_env_CP_value=
ac_cv_env_CUT_set=
ac_cv_env_CUT_value=
ac_cv_env_CXXCPP_set=
ac_cv_env_CXXCPP_value=
ac_cv_env_CXXFILT_set=
ac_cv_env_CXXFILT_value=
ac_cv_env_CXXFLAGS_set=
ac_cv_env_CXXFLAGS_value=
ac_cv_env_CXX_set=
ac_cv_env_CXX_value=
ac_cv_env_DATE_set=
ac_cv_env_DATE_value=
ac_cv_env_DF_set=
ac_cv_env_DF_value=
ac_cv_env_DIFF_set=
ac_cv_env_DIFF_value=
ac_cv_env_DOT_set=
ac_cv_env_DOT_value=
ac_cv_env_DSYMUTIL_set=
ac_cv_env_DSYMUTIL_value=
ac_cv_env_DTRACE_set=
ac_cv_env_DTRACE_value=
ac_cv_env_DUMPBIN_set=
ac_cv_env_DUMPBIN_value=
ac_cv_env_ECHO_set=
ac_cv_env_ECHO_value=
ac_cv_env_EGREP_set=
ac_cv_env_EGREP_value=
ac_cv_env_EXPR_set=
ac_cv_env_EXPR_value=
ac_cv_env_FGREP_set=
ac_cv_env_FGREP_value=
ac_cv_env_FIND_set=
ac_cv_env_FIND_value=
ac_cv_env_FLOCK_set=
ac_cv_env_FLOCK_value=
ac_cv_env_FREETYPE_CFLAGS_set=
ac_cv_env_FREETYPE_CFLAGS_value=
ac_cv_env_FREETYPE_LIBS_set=
ac_cv_env_FREETYPE_LIBS_value=
ac_cv_env_GIT_set=
ac_cv_env_GIT_value=
ac_cv_env_GREP_set=
ac_cv_env_GREP_value=
ac_cv_env_GUNZIP_set=
ac_cv_env_GUNZIP_value=
ac_cv_env_GZIP_set=
ac_cv_env_GZIP_value=
ac_cv_env_HARFBUZZ_CFLAGS_set=
ac_cv_env_HARFBUZZ_CFLAGS_value=
ac_cv_env_HARFBUZZ_LIBS_set=
ac_cv_env_HARFBUZZ_LIBS_value=
ac_cv_env_HEAD_set=
ac_cv_env_HEAD_value=
ac_cv_env_ICECC_CMD_set=
ac_cv_env_ICECC_CMD_value=
ac_cv_env_ICECC_CREATE_ENV_set=
ac_cv_env_ICECC_CREATE_ENV_value=
ac_cv_env_ICECC_WRAPPER_set=
ac_cv_env_ICECC_WRAPPER_value=
ac_cv_env_INSTALL_NAME_TOOL_set=
ac_cv_env_INSTALL_NAME_TOOL_value=
ac_cv_env_JAR_set=
ac_cv_env_JAR_value=
ac_cv_env_JAVAC_CHECK_set=
ac_cv_env_JAVAC_CHECK_value=
ac_cv_env_JAVAC_set=
ac_cv_env_JAVAC_value=
ac_cv_env_JAVADOC_set=
ac_cv_env_JAVADOC_value=
ac_cv_env_JAVA_CHECK_set=
ac_cv_env_JAVA_CHECK_value=
ac_cv_env_JAVA_set=
ac_cv_env_JAVA_value=
ac_cv_env_JTREGEXE_set=
ac_cv_env_JTREGEXE_value=
ac_cv_env_LCMS_CFLAGS_set=
ac_cv_env_LCMS_CFLAGS_value=
ac_cv_env_LCMS_LIBS_set=
ac_cv_env_LCMS_LIBS_value=
ac_cv_env_LDFLAGS_set=
ac_cv_env_LDFLAGS_value=
ac_cv_env_LD_set=
ac_cv_env_LD_value=
ac_cv_env_LIBFFI_CFLAGS_set=
ac_cv_env_LIBFFI_CFLAGS_value=
ac_cv_env_LIBFFI_LIBS_set=
ac_cv_env_LIBFFI_LIBS_value=
ac_cv_env_LIBS_set=
ac_cv_env_LIBS_value=
ac_cv_env_LIPO_set=
ac_cv_env_LIPO_value=
ac_cv_env_LLVM_CONFIG_set=
ac_cv_env_LLVM_CONFIG_value=
ac_cv_env_LN_set=
ac_cv_env_LN_value=
ac_cv_env_LSB_RELEASE_set=
ac_cv_env_LSB_RELEASE_value=
ac_cv_env_LS_set=
ac_cv_env_LS_value=
ac_cv_env_MAKE_set=
ac_cv_env_MAKE_value=
ac_cv_env_METALLIB_set=
ac_cv_env_METALLIB_value=
ac_cv_env_METAL_set=
ac_cv_env_METAL_value=
ac_cv_env_MIG_set=
ac_cv_env_MIG_value=
ac_cv_env_MKDIR_set=
ac_cv_env_MKDIR_value=
ac_cv_env_MKTEMP_set=
ac_cv_env_MKTEMP_value=
ac_cv_env_MT_set=
ac_cv_env_MT_value=
ac_cv_env_MV_set=
ac_cv_env_MV_value=
ac_cv_env_NICE_set=
ac_cv_env_NICE_value=
ac_cv_env_NM_set=
ac_cv_env_NM_value=
ac_cv_env_OBJCOPY_set=
ac_cv_env_OBJCOPY_value=
ac_cv_env_OBJDUMP_set=
ac_cv_env_OBJDUMP_value=
ac_cv_env_OTOOL_set=
ac_cv_env_OTOOL_value=
ac_cv_env_PANDOC_set=
ac_cv_env_PANDOC_value=
ac_cv_env_PATCH_set=
ac_cv_env_PATCH_value=
ac_cv_env_PATHTOOL_set=
ac_cv_env_PATHTOOL_value=
ac_cv_env_PKGHANDLER_set=
ac_cv_env_PKGHANDLER_value=
ac_cv_env_PKG_CONFIG_set=
ac_cv_env_PKG_CONFIG_value=
ac_cv_env_PNG_CFLAGS_set=
ac_cv_env_PNG_CFLAGS_value=
ac_cv_env_PNG_LIBS_set=
ac_cv_env_PNG_LIBS_value=
ac_cv_env_POTENTIAL_CC_set=
ac_cv_env_POTENTIAL_CC_value=
ac_cv_env_POTENTIAL_CXX_set=
ac_cv_env_POTENTIAL_CXX_value=
ac_cv_env_PRINTF_set=
ac_cv_env_PRINTF_value=
ac_cv_env_RC_set=
ac_cv_env_RC_value=
ac_cv_env_READELF_set=
ac_cv_env_READELF_value=
ac_cv_env_READLINK_set=
ac_cv_env_READLINK_value=
ac_cv_env_RMDIR_set=
ac_cv_env_RMDIR_value=
ac_cv_env_RM_set=
ac_cv_env_RM_value=
ac_cv_env_SED_set=
ac_cv_env_SED_value=
ac_cv_env_SETFILE_set=
ac_cv_env_SETFILE_value=
ac_cv_env_SH_set=
ac_cv_env_SH_value=
ac_cv_env_SORT_set=
ac_cv_env_SORT_value=
ac_cv_env_STAT_set=
ac_cv_env_STAT_value=
ac_cv_env_STRIP_set=
ac_cv_env_STRIP_value=
ac_cv_env_TAIL_set=
ac_cv_env_TAIL_value=
ac_cv_env_TAR_set=
ac_cv_env_TAR_value=
ac_cv_env_TEE_set=
ac_cv_env_TEE_value=
ac_cv_env_TIME_set=
ac_cv_env_TIME_value=
ac_cv_env_TOUCH_set=
ac_cv_env_TOUCH_value=
ac_cv_env_TR_set=
ac_cv_env_TR_value=
ac_cv_env_ULIMIT_set=
ac_cv_env_ULIMIT_value=
ac_cv_env_UNAME_set=
ac_cv_env_UNAME_value=
ac_cv_env_UNIQ_set=
ac_cv_env_UNIQ_value=
ac_cv_env_UNZIP_set=
ac_cv_env_UNZIP_value=
ac_cv_env_WC_set=
ac_cv_env_WC_value=
ac_cv_env_WHOAMI_set=
ac_cv_env_WHOAMI_value=
ac_cv_env_XARGS_set=
ac_cv_env_XARGS_value=
ac_cv_env_XATTR_set=
ac_cv_env_XATTR_value=
ac_cv_env_XCODEBUILD_set=
ac_cv_env_XCODEBUILD_value=
ac_cv_env_XCRUN_set=
ac_cv_env_XCRUN_value=
ac_cv_env_XLCLANG_TEST_PATH_set=
ac_cv_env_XLCLANG_TEST_PATH_value=
ac_cv_env_XMKMF_set=
ac_cv_env_XMKMF_value=
ac_cv_env_ZIPEXE_set=
ac_cv_env_ZIPEXE_value=
ac_cv_env_build_alias_set=
ac_cv_env_build_alias_value=
ac_cv_env_host_alias_set=
ac_cv_env_host_alias_value=
ac_cv_env_target_alias_set=
ac_cv_env_target_alias_value=
ac_cv_host=aarch64-apple-darwin23.6.0
ac_cv_objext=o
ac_cv_path_BASENAME=/usr/bin/basename
ac_cv_path_DIRNAME=/usr/bin/dirname
ac_cv_path_EGREP='/usr/bin/grep -E'
ac_cv_path_FGREP='/usr/bin/grep -F'
ac_cv_path_FILE=/usr/bin/file
ac_cv_path_GREP=/usr/bin/grep
ac_cv_path_SED=/opt/homebrew/bin/gsed
ac_cv_path_ac_pt_PKG_CONFIG=/opt/homebrew/bin/pkg-config
ac_cv_prog_CPP='/usr/bin/clang -E'
ac_cv_prog_CXXCPP='/usr/bin/clang++ -E'
ac_cv_prog_cc_c11=
ac_cv_prog_cc_g=yes
ac_cv_prog_cc_stdc=
ac_cv_prog_cxx_11=no
ac_cv_prog_cxx_g=yes
ac_cv_prog_cxx_stdcxx=
ac_cv_target=aarch64-apple-darwin23.6.0

## ----------------- ##
## Output variables. ##
## ----------------- ##

ADLC_LANGSTD_CXXFLAGS=''
ADLC_LDFLAGS=''
ALLOW_ABSOLUTE_PATHS_IN_OUTPUT='true'
ALSA_CFLAGS=''
ALSA_LIBS=''
AR='/usr/bin/ar'
ARFLAGS=''
AR_OUT_OPTION=''
AS='/usr/bin/clang -c'
ASAN_ENABLED=''
ASFLAGS_DEBUG_SYMBOLS=''
AUTOCONF=''
AWK='/opt/homebrew/bin/gawk'
BASENAME='/usr/bin/basename'
BASH='/bin/bash'
BASH_ARGS=' -o pipefail -e'
BASIC_ASFLAGS=''
BOOTCYCLE_JVM_ARGS_BIG=''
BOOT_JDK='/Users/robin/Library/Java/JavaVirtualMachines/azul-21/Contents/Home'
BOOT_JDK_JAR_SUPPORTS_DATE='true'
BOOT_JDK_SOURCETARGET='-source 20 -target 20 -Xlint:-options'
BRANCH_PROTECTION_CFLAGS=''
BUILDJDK_JAVA_FLAGS_SMALL=''
BUILD_AR=''
BUILD_AS=''
BUILD_CC=''
BUILD_CC_DISABLE_WARNING_PREFIX=''
BUILD_CDS_ARCHIVE=''
BUILD_CXX=''
BUILD_ENV='dev'
BUILD_FAILURE_HANDLER=''
BUILD_ICECC=''
BUILD_JDK='$(JDK_OUTPUTDIR)'
BUILD_JTREG_TEST_THREAD_FACTORY=''
BUILD_LD=''
BUILD_LDCXX=''
BUILD_MANPAGES=''
BUILD_NM=''
BUILD_OBJCOPY=''
BUILD_STRIP=''
BUILD_SYSROOT_CFLAGS=''
BUILD_SYSROOT_LDFLAGS=''
CACERTS_FILE=''
CACERTS_SRC=''
CAPSTONE_CFLAGS=''
CAPSTONE_LIBS=''
CAT='/bin/cat'
CC='/usr/bin/clang'
CCACHE=''
CC_OUT_OPTION=''
CC_VERSION_NUMBER='16.0.0'
CFLAGS=' -arch arm64 -isysroot /Library/Developer/CommandLineTools/SDKs/MacOSX.sdk -iframework /Library/Developer/CommandLineTools/SDKs/MacOSX.sdk/System/Library/Frameworks '
CFLAGS_CCACHE=''
CFLAGS_DEBUG_SYMBOLS=''
CFLAGS_JDKEXE=''
CFLAGS_JDKLIB=''
CFLAGS_WARNINGS_ARE_ERRORS=''
CHECK_GMAKE='/opt/homebrew/bin/gmake'
CHECK_MAKE=''
CHECK_TOOLSDIR_GMAKE=''
CHECK_TOOLSDIR_MAKE=''
CHMOD='/bin/chmod'
CLASSPATH=''
CMD=''
CMP='/usr/bin/cmp'
CODESIGN='/usr/bin/codesign'
COMPANY_NAME='N/A'
COMPILER_BINDCMD_FILE_FLAG=''
COMPILER_COMMAND_FILE_FLAG=''
COMPILER_SUPPORTS_TARGET_BITS_FLAG=''
COMPILER_TARGET_BITS_FLAG=''
COMPILE_TYPE='native'
COMPILE_WITH_DEBUG_SYMBOLS=''
COMPRESS_JARS='false'
CONFIGURESUPPORT_OUTPUTDIR='/Users/robin/jdk/build/macosx-aarch64-server-slowdebug/configure-support'
CONFIGURE_COMMAND_LINE='--with-debug-level=slowdebug --enable-dtrace --with-jvm-variants=server --with-target-bits=64 --with-num-cores=8 --with-memory-size=8000 --disable-warnings-as-errors'
CONFIGURE_START_DIR='/Users/robin/jdk'
CONF_NAME='macosx-aarch64-server-slowdebug'
COPYRIGHT_YEAR='2024'
COPY_DEBUG_SYMBOLS=''
CP='/bin/cp'
CPP='/usr/bin/clang -E'
CPPFLAGS='-isysroot /Library/Developer/CommandLineTools/SDKs/MacOSX.sdk -iframework /Library/Developer/CommandLineTools/SDKs/MacOSX.sdk/System/Library/Frameworks'
CREATE_BUILDJDK='false'
CUPS_CFLAGS=''
CUT='/usr/bin/cut'
CXX='/usr/bin/clang++'
CXXCPP='/usr/bin/clang++ -E'
CXXFILT=''
CXXFLAGS=' -arch arm64 -isysroot /Library/Developer/CommandLineTools/SDKs/MacOSX.sdk -iframework /Library/Developer/CommandLineTools/SDKs/MacOSX.sdk/System/Library/Frameworks '
CXXFLAGS_JDKEXE=''
CXXFLAGS_JDKLIB=''
CXX_O_FLAG_HI=''
CXX_O_FLAG_HIGHEST=''
CXX_O_FLAG_HIGHEST_JVM=''
CXX_O_FLAG_NONE=''
CXX_O_FLAG_NORM=''
CXX_O_FLAG_SIZE=''
CXX_VERSION_NUMBER='16.0.0'
C_O_FLAG_HI=''
C_O_FLAG_HIGHEST=''
C_O_FLAG_HIGHEST_JVM=''
C_O_FLAG_NONE=''
C_O_FLAG_NORM=''
C_O_FLAG_SIZE=''
DATE='/bin/date'
DATE_WHEN_CONFIGURED='Sat Oct 26 14:58:30 CST 2024'
DEBUG_LEVEL='slowdebug'
DEFAULT_LOG=''
DEFAULT_MAKE_TARGET='exploded-image'
DEFINE_CROSS_COMPILE_ARCH=''
DEFS=''
DEVKIT_LIB_DIR=''
DF='/bin/df'
DIFF='/usr/bin/diff'
DIRNAME='/usr/bin/dirname'
DISABLED_WARNINGS=''
DISABLED_WARNINGS_C=''
DISABLED_WARNINGS_CXX=''
DISABLE_WARNING_PREFIX=''
DOCS_REFERENCE_JAVADOC=''
DOT=''
DSYMUTIL='/usr/bin/dsymutil'
DTRACE='/usr/sbin/dtrace'
DUMPBIN=''
ECHO='echo'
ECHO_C='\c'
ECHO_N=''
ECHO_T=''
EGREP='/usr/bin/grep -E'
ENABLE_COMPATIBLE_CDS_ALIGNMENT=''
ENABLE_FALLBACK_LINKER=''
ENABLE_FULL_DOCS='false'
ENABLE_GENERATE_CLASSLIST=''
ENABLE_HEADLESS_ONLY='false'
ENABLE_HSDIS_BUNDLING=''
ENABLE_JAVAC_SERVER=''
ENABLE_LIBFFI_BUNDLING=''
ENABLE_LINKTIME_GC='false'
ENABLE_PANDOC='false'
EXCLUDE_TRANSLATIONS=''
EXECUTABLE_SUFFIX=''
EXEEXT=''
EXPR='/bin/expr'
EXTERNAL_BUILDJDK='false'
EXTRA_ASFLAGS=''
EXTRA_CFLAGS=' -arch arm64 '
EXTRA_CXXFLAGS=' -arch arm64 '
EXTRA_LDFLAGS=' -arch arm64 '
FDLIBM_CFLAGS=''
FGREP='/usr/bin/grep -F'
FILE='/usr/bin/file'
FILE_MACRO_CFLAGS=''
FIND='/usr/bin/find'
FIND_DELETE='-delete'
FIXPATH=''
FIXPATH_BASE=''
FLOCK='/opt/homebrew/bin/flock'
FONTCONFIG_CFLAGS=''
FREETYPE_CFLAGS=''
FREETYPE_LIBS=''
FREETYPE_TO_USE=''
GCOV_ENABLED=''
GENDEPS_FLAGS=''
GIT='/usr/bin/git'
GREP='/usr/bin/grep'
GTEST_FRAMEWORK_SRC=''
GUNZIP='/usr/bin/gunzip'
GZIP='/usr/bin/gzip'
HARFBUZZ_CFLAGS=''
HARFBUZZ_LIBS=''
HEAD='/usr/bin/head'
HOTSPOT_BUILD_CPU='aarch64'
HOTSPOT_BUILD_CPU_ARCH='aarch64'
HOTSPOT_BUILD_CPU_DEFINE='AARCH64'
HOTSPOT_BUILD_LIBC='default'
HOTSPOT_BUILD_OS='bsd'
HOTSPOT_BUILD_OS_TYPE='posix'
HOTSPOT_BUILD_TIME=''
HOTSPOT_DEBUG_LEVEL='debug'
HOTSPOT_OVERRIDE_LIBPATH=''
HOTSPOT_TARGET_CPU='aarch64'
HOTSPOT_TARGET_CPU_ARCH='aarch64'
HOTSPOT_TARGET_CPU_DEFINE='AARCH64'
HOTSPOT_TARGET_LIBC='default'
HOTSPOT_TARGET_OS='bsd'
HOTSPOT_TARGET_OS_TYPE='posix'
HOTSPOT_TOOLCHAIN_TYPE=''
HOTSPOT_VM_DISTRO='OpenJDK'
HSDIS_BACKEND=''
HSDIS_CFLAGS=''
HSDIS_LDFLAGS=''
HSDIS_LIBS=''
ICECC=''
ICECC_CMD=''
ICECC_CREATE_ENV=''
ICECC_WRAPPER=''
IMPORT_MODULES_CLASSES=''
IMPORT_MODULES_CMDS=''
IMPORT_MODULES_CONF=''
IMPORT_MODULES_LEGAL=''
IMPORT_MODULES_LIBS=''
IMPORT_MODULES_MAKE=''
IMPORT_MODULES_MAN=''
IMPORT_MODULES_SRC=''
INCLUDE_COMPILER2=''
INCLUDE_JVMCI=''
INCLUDE_SA='true'
INSTALL_NAME_TOOL='/usr/bin/install_name_tool'
ISO_8601_FORMAT_STRING='%Y-%m-%dT%H:%M:%SZ'
IS_GNU_DATE='no'
IS_GNU_TIME='no'
JAR='/Users/robin/Library/Java/JavaVirtualMachines/azul-21/Contents/Home/bin/jar'
JAVA='/Users/robin/Library/Java/JavaVirtualMachines/azul-21/Contents/Home/bin/java'
JAVAC='/Users/robin/Library/Java/JavaVirtualMachines/azul-21/Contents/Home/bin/javac'
JAVAC_CHECK=''
JAVADOC='/Users/robin/Library/Java/JavaVirtualMachines/azul-21/Contents/Home/bin/javadoc'
JAVA_CHECK=''
JAVA_FLAGS=''
JAVA_FLAGS_BIG=''
JAVA_FLAGS_SMALL=''
JAVA_TOOL_FLAGS_SMALL=''
JCOV_ENABLED=''
JCOV_FILTERS=''
JCOV_HOME=''
JCOV_INPUT_JDK=''
JDKEXE_LIBS=''
JDKLIB_LIBS=''
JDK_ARCH_ABI_PROP_NAME=''
JDK_RC_NAME='OpenJDK Platform'
JDK_RC_PLATFORM_NAME='Platform'
JDK_SOURCE_TARGET_VERSION='21'
JIB_HOME=''
JLINK='$(JDK_OUTPUTDIR)/bin/jlink'
JLINK_KEEP_PACKAGED_MODULES='true'
JMH_COMMONS_MATH_JAR=''
JMH_CORE_JAR=''
JMH_GENERATOR_JAR=''
JMH_JOPT_SIMPLE_JAR=''
JMH_VERSION=''
JMOD='$(JDK_OUTPUTDIR)/bin/jmod'
JMOD_COMPRESS='zip-1'
JOBS=''
JTREGEXE=''
JT_HOME=''
JVM_ASFLAGS=''
JVM_CFLAGS=''
JVM_FEATURES_client=''
JVM_FEATURES_core=''
JVM_FEATURES_custom=''
JVM_FEATURES_minimal=''
JVM_FEATURES_server=''
JVM_FEATURES_zero=''
JVM_LDFLAGS=''
JVM_LIBS=''
JVM_VARIANTS='server'
JVM_VARIANT_MAIN='server'
LAUNCHER_NAME='openjdk'
LCMS_CFLAGS=''
LCMS_LIBS=''
LD='/usr/bin/clang'
LDCXX='/usr/bin/clang++'
LDD=''
LDFLAGS=' -arch arm64 -isysroot /Library/Developer/CommandLineTools/SDKs/MacOSX.sdk -iframework /Library/Developer/CommandLineTools/SDKs/MacOSX.sdk/System/Library/Frameworks '
LDFLAGS_CXX_JDK=''
LDFLAGS_JDKEXE=''
LDFLAGS_JDKLIB=''
LDFLAGS_TESTEXE=''
LD_OUT_OPTION=''
LIBCXX=''
LIBDL=''
LIBFFI_CFLAGS=''
LIBFFI_LIBS=''
LIBFFI_LIB_FILE=''
LIBM=''
LIBOBJS=''
LIBRARY_PREFIX='lib'
LIBS=''
LIBZIP_CAN_USE_MMAP=''
LIBZ_CFLAGS=''
LIBZ_LIBS=''
LIPO='/usr/bin/lipo'
LLVM_CONFIG=''
LN='/bin/ln'
LS='/bin/ls'
LSAN_ENABLED=''
LSB_RELEASE=''
LTLIBOBJS=''
MACOSX_BUNDLE_BUILD_VERSION='0'
MACOSX_BUNDLE_ID_BASE='net.java.openjdk-internal'
MACOSX_BUNDLE_NAME_BASE='OpenJDK'
MACOSX_CODESIGN_IDENTITY=''
MACOSX_CODESIGN_MODE=''
MACOSX_VERSION_MAX=''
MACOSX_VERSION_MIN=''
MAKE='/opt/homebrew/bin/gmake'
MEMORY_SIZE=''
METAL='xcrun -sdk macosx metal'
METALLIB=''
MIG='/usr/bin/mig'
MKDIR='/bin/mkdir'
MKTEMP='/usr/bin/mktemp'
MSVCP_DLL=''
MSVCR_DLL=''
MT=''
MV='/bin/mv'
NICE='/usr/bin/nice'
NM=''
NUM_CORES=''
OBJCOPY=''
OBJDUMP=''
OBJEXT='o'
OBJ_SUFFIX='.o'
OPENJDK_BUILD_ABI='default'
OPENJDK_BUILD_ADLC_LANGSTD_CXXFLAGS=''
OPENJDK_BUILD_AUTOCONF_NAME='aarch64-apple-darwin23.6.0'
OPENJDK_BUILD_BUNDLE_PLATFORM='macos-aarch64'
OPENJDK_BUILD_CFLAGS_JDKEXE=''
OPENJDK_BUILD_CFLAGS_JDKLIB=''
OPENJDK_BUILD_CPU='aarch64'
OPENJDK_BUILD_CPU_ARCH='aarch64'
OPENJDK_BUILD_CPU_AUTOCONF='aarch64'
OPENJDK_BUILD_CPU_BITS='64'
OPENJDK_BUILD_CPU_ENDIAN='little'
OPENJDK_BUILD_CPU_LEGACY='aarch64'
OPENJDK_BUILD_CPU_LEGACY_LIB='aarch64'
OPENJDK_BUILD_CPU_OSARCH='aarch64'
OPENJDK_BUILD_CXXFLAGS_JDKEXE=''
OPENJDK_BUILD_CXXFLAGS_JDKLIB=''
OPENJDK_BUILD_FDLIBM_CFLAGS=''
OPENJDK_BUILD_JDKLIB_LIBS=''
OPENJDK_BUILD_JVM_ASFLAGS=''
OPENJDK_BUILD_JVM_CFLAGS=''
OPENJDK_BUILD_JVM_LDFLAGS=''
OPENJDK_BUILD_JVM_LIBS=''
OPENJDK_BUILD_LDFLAGS_JDKEXE=''
OPENJDK_BUILD_LDFLAGS_JDKLIB=''
OPENJDK_BUILD_LIBC='default'
OPENJDK_BUILD_OS='macosx'
OPENJDK_BUILD_OS_ENV='macosx'
OPENJDK_BUILD_OS_INCLUDE_SUBDIR='darwin'
OPENJDK_BUILD_OS_TYPE='unix'
OPENJDK_MODULE_TARGET_PLATFORM='macos-aarch64'
OPENJDK_TARGET_ABI='default'
OPENJDK_TARGET_AUTOCONF_NAME='aarch64-apple-darwin23.6.0'
OPENJDK_TARGET_BUNDLE_PLATFORM='macos-aarch64'
OPENJDK_TARGET_CPU='aarch64'
OPENJDK_TARGET_CPU_ARCH='aarch64'
OPENJDK_TARGET_CPU_AUTOCONF='aarch64'
OPENJDK_TARGET_CPU_BITS='64'
OPENJDK_TARGET_CPU_ENDIAN='little'
OPENJDK_TARGET_CPU_LEGACY='aarch64'
OPENJDK_TARGET_CPU_LEGACY_LIB='aarch64'
OPENJDK_TARGET_CPU_OSARCH='aarch64'
OPENJDK_TARGET_LIBC='default'
OPENJDK_TARGET_OS='macosx'
OPENJDK_TARGET_OS_ENV='macosx'
OPENJDK_TARGET_OS_INCLUDE_SUBDIR='darwin'
OPENJDK_TARGET_OS_TYPE='unix'
OPENJDK_TARGET_OS_UPPERCASE='MACOSX'
ORIGINAL_PATH='/Users/robin/opt/anaconda3/bin:/Users/robin/opt/anaconda3/condabin:/usr/local/bin:/usr/local/sbin:/opt/homebrew/bin:/opt/homebrew/sbin:/System/Cryptexes/App/usr/bin:/usr/bin:/bin:/usr/sbin:/sbin:/var/run/com.apple.security.cryptexd/codex.system/bootstrap/usr/local/bin:/var/run/com.apple.security.cryptexd/codex.system/bootstrap/usr/bin:/var/run/com.apple.security.cryptexd/codex.system/bootstrap/usr/appleinternal/bin:/Library/Apple/usr/bin:/Applications/VMware Fusion Tech Preview.app/Contents/Public:/Users/robin/.cargo/bin'
OS_VERSION_MAJOR='23'
OS_VERSION_MICRO='0'
OS_VERSION_MINOR='6'
OTOOL='/usr/bin/otool'
OUTPUTDIR='/Users/robin/jdk/build/macosx-aarch64-server-slowdebug'
OUTPUT_SYNC='none'
OUTPUT_SYNC_SUPPORTED='true'
PACKAGE_BUGREPORT='build-dev@openjdk.org'
PACKAGE_NAME='OpenJDK'
PACKAGE_STRING='OpenJDK openjdk'
PACKAGE_TARNAME='openjdk'
PACKAGE_URL='https://openjdk.org'
PACKAGE_VERSION='openjdk'
PANDOC=''
PANDOC_MARKDOWN_FLAG=''
PATCH='/usr/bin/patch'
PATHTOOL=''
PATH_SEPARATOR=':'
PKGHANDLER='/usr/local/bin/brew'
PKG_CONFIG='/opt/homebrew/bin/pkg-config'
PNG_CFLAGS=''
PNG_LIBS=''
POTENTIAL_CC='/usr/bin/clang'
POTENTIAL_CXX='/usr/bin/clang++'
PRINTF='printf'
PRODUCT_NAME='OpenJDK'
PRODUCT_SUFFIX='Runtime Environment'
RC=''
RCFLAGS=''
READELF=''
READLINK='/usr/bin/readlink'
REAL_CONFIGURE_COMMAND_EXEC_FULL=''
REAL_CONFIGURE_COMMAND_EXEC_SHORT=''
REAL_CONFIGURE_COMMAND_LINE=''
RELEASE_FILE_LIBC='default'
RELEASE_FILE_OS_ARCH='aarch64'
RELEASE_FILE_OS_NAME='Darwin'
RM='/bin/rm -f'
RMDIR='/bin/rmdir'
SED='/opt/homebrew/bin/gsed'
SETFILE='/usr/bin/SetFile'
SET_EXECUTABLE_ORIGIN=''
SET_SHARED_LIBRARY_MAPFILE=''
SET_SHARED_LIBRARY_NAME=''
SET_SHARED_LIBRARY_ORIGIN=''
SH='/bin/sh'
SHARED_LIBRARY='lib$1.dylib'
SHARED_LIBRARY_FLAGS=''
SHARED_LIBRARY_SUFFIX='.dylib'
SHELL='/bin/bash'
SHIP_DEBUG_SYMBOLS=''
SORT='/usr/bin/sort'
SOURCE_DATE='1729925913'
SOURCE_DATE_ISO_8601='2024-10-26T06:58:33Z'
SPEC='/Users/robin/jdk/build/macosx-aarch64-server-slowdebug/spec.gmk'
STAT='/usr/bin/stat'
STATIC_BUILD='false'
STATIC_LIBRARY='lib$1.a'
STATIC_LIBRARY_SUFFIX='.a'
STATIC_LIBS_CFLAGS=''
STRIP=''
STRIPFLAGS=''
SYSROOT='/Library/Developer/CommandLineTools/SDKs/MacOSX.sdk'
SYSROOT_CFLAGS='-isysroot /Library/Developer/CommandLineTools/SDKs/MacOSX.sdk -iframework /Library/Developer/CommandLineTools/SDKs/MacOSX.sdk/System/Library/Frameworks'
SYSROOT_LDFLAGS='-isysroot /Library/Developer/CommandLineTools/SDKs/MacOSX.sdk -iframework /Library/Developer/CommandLineTools/SDKs/MacOSX.sdk/System/Library/Frameworks'
TAIL='/usr/bin/tail'
TAR='/usr/bin/tar'
TAR_INCLUDE_PARAM='I'
TAR_SUPPORTS_TRANSFORM='false'
TAR_TYPE='bsd'
TEE='/usr/bin/tee'
TEST_JOBS=''
TIME='time'
TOOLCHAIN_PATH=''
TOOLCHAIN_TYPE='clang'
TOOLCHAIN_VERSION=''
TOPDIR='/Users/robin/jdk'
TOUCH='/usr/bin/touch'
TR='/usr/bin/tr'
UBSAN_CFLAGS=''
UBSAN_ENABLED=''
UBSAN_LDFLAGS=''
UCRT_DLL_DIR=''
ULIMIT='ulimit'
UNAME='/usr/bin/uname'
UNIQ='/usr/bin/uniq'
UNLIMITED_CRYPTO='true'
UNZIP='/usr/bin/unzip'
USERNAME='robin'
USE_EXTERNAL_HARFBUZZ=''
USE_EXTERNAL_LCMS=''
USE_EXTERNAL_LIBGIF=''
USE_EXTERNAL_LIBJPEG=''
USE_EXTERNAL_LIBPNG=''
USE_EXTERNAL_LIBZ=''
USE_PRECOMPILED_HEADER=''
VALID_JVM_FEATURES=''
VALID_JVM_VARIANTS='server client minimal core zero custom'
VCRUNTIME_1_DLL=''
VENDOR_URL='https://openjdk.org/'
VENDOR_URL_BUG='https://bugreport.java.com/bugreport/'
VENDOR_URL_VM_BUG='https://bugreport.java.com/bugreport/crash.jsp'
VENDOR_VERSION_STRING=''
VERSION_BUILD=''
VERSION_CLASSFILE_MAJOR='65'
VERSION_CLASSFILE_MINOR='0'
VERSION_DATE='2023-09-19'
VERSION_DOCS_API_SINCE='11'
VERSION_EXTRA1='0'
VERSION_EXTRA2='0'
VERSION_EXTRA3='0'
VERSION_FEATURE='21'
VERSION_INTERIM='0'
VERSION_IS_GA='false'
VERSION_NUMBER='21'
VERSION_NUMBER_FOUR_POSITIONS='21.0.0.0'
VERSION_OPT='adhoc.robin.jdk'
VERSION_PATCH='0'
VERSION_PRE='internal'
VERSION_SHORT='21-internal'
VERSION_STRING='21-internal-adhoc.robin.jdk'
VERSION_UPDATE='0'
WARNINGS_AS_ERRORS=''
WC='/usr/bin/wc'
WHOAMI='/usr/bin/whoami'
WINENV_PREFIX=''
WINENV_ROOT=''
WORKSPACE_ROOT='/Users/robin/jdk'
XARGS='/usr/bin/xargs'
XATTR='/usr/bin/xattr'
XCODEBUILD=''
XCRUN='/usr/bin/xcrun'
XLCLANG_TEST_PATH=''
XMKMF=''
X_CFLAGS=''
X_EXTRA_LIBS=''
X_LIBS=''
X_PRE_LIBS=''
ZIPEXE='/usr/bin/zip'
ZIP_EXTERNAL_DEBUG_SYMBOLS=''
ac_ct_CC=''
ac_ct_CXX=''
bindir='${exec_prefix}/bin'
build='aarch64-apple-darwin23.6.0'
build_alias=''
build_cpu='aarch64'
build_os='darwin23.6.0'
build_vendor='apple'
datadir='${datarootdir}'
datarootdir='${prefix}/share'
docdir='${datarootdir}/doc/${PACKAGE_TARNAME}'
dvidir='${docdir}'
exec_prefix='NONE'
host='aarch64-apple-darwin23.6.0'
host_alias=''
host_cpu='aarch64'
host_os='darwin23.6.0'
host_vendor='apple'
htmldir='${docdir}'
includedir='${prefix}/include'
infodir='${datarootdir}/info'
libdir='${exec_prefix}/lib'
libexecdir='${exec_prefix}/libexec'
localedir='${datarootdir}/locale'
localstatedir='${prefix}/var'
mandir='${datarootdir}/man'
oldincludedir='/usr/include'
pdfdir='${docdir}'
prefix='NONE'
program_transform_name='s,x,x,'
psdir='${docdir}'
runstatedir='${localstatedir}/run'
sbindir='${exec_prefix}/sbin'
sharedstatedir='${prefix}/com'
sysconfdir='${prefix}/etc'
target='aarch64-apple-darwin23.6.0'
target_alias=''
target_cpu='aarch64'
target_os='darwin23.6.0'
target_vendor='apple'

## ----------- ##
## confdefs.h. ##
## ----------- ##

/* confdefs.h */
#define PACKAGE_NAME "OpenJDK"
#define PACKAGE_TARNAME "openjdk"
#define PACKAGE_VERSION "openjdk"
#define PACKAGE_STRING "OpenJDK openjdk"
#define PACKAGE_BUGREPORT "build-dev@openjdk.org"
#define PACKAGE_URL "https://openjdk.org"

configure: exit 1
